[0.464s] DEBUG:colcon:Command line arguments: ['/home/hansana_eranga/.local/bin/colcon', 'build', '--symlink-install']
[0.464s] DEBUG:colcon:Parsed command line arguments: Namespace(ament_cmake_args=None, base_paths=['.'], build_base='build', catkin_cmake_args=None, catkin_skip_building_tests=False, cmake_args=None, cmake_clean_cache=False, cmake_clean_first=False, cmake_force_configure=False, cmake_target=None, cmake_target_skip_unavailable=False, continue_on_error=False, event_handlers=None, executor='parallel', ignore_user_meta=False, install_base='install', log_base=None, log_level=None, main=<bound method BuildVerb.main of <colcon_core.verb.build.BuildVerb object at 0x788796241fd0>>, merge_install=False, metas=['./colcon.meta'], packages_above=None, packages_above_and_dependencies=None, packages_above_depth=None, packages_end=None, packages_ignore=None, packages_ignore_regex=None, packages_select=None, packages_select_build_failed=False, packages_select_by_dep=None, packages_select_regex=None, packages_select_test_failures=False, packages_skip=None, packages_skip_build_finished=False, packages_skip_by_dep=None, packages_skip_regex=None, packages_skip_test_passed=False, packages_skip_up_to=None, packages_start=None, packages_up_to=None, packages_up_to_regex=None, parallel_workers=12, paths=None, symlink_install=True, test_result_base=None, verb_extension=<colcon_core.verb.build.BuildVerb object at 0x788796241fd0>, verb_name='build', verb_parser=<colcon_defaults.argument_parser.defaults.DefaultArgumentsDecorator object at 0x7887961ac8b0>)
[0.588s] Level 1:colcon.colcon_core.package_discovery:discover_packages(colcon_meta) check parameters
[0.588s] Level 1:colcon.colcon_core.package_discovery:discover_packages(recursive) check parameters
[0.588s] Level 1:colcon.colcon_core.package_discovery:discover_packages(ignore) check parameters
[0.588s] Level 1:colcon.colcon_core.package_discovery:discover_packages(path) check parameters
[0.588s] Level 1:colcon.colcon_core.package_discovery:discover_packages(colcon_meta) discover
[0.588s] Level 1:colcon.colcon_core.package_discovery:discover_packages(recursive) discover
[0.588s] INFO:colcon.colcon_core.package_discovery:Crawling recursively for packages in '/home/hansana_eranga/ros2_ws/src/Mobile-Robot-building-with-an-ROS'
[0.588s] Level 1:colcon.colcon_core.package_identification:_identify(.) by extensions ['ignore', 'ignore_ament_install']
[0.588s] Level 1:colcon.colcon_core.package_identification:_identify(.) by extension 'ignore'
[0.589s] Level 1:colcon.colcon_core.package_identification:_identify(.) by extension 'ignore_ament_install'
[0.589s] Level 1:colcon.colcon_core.package_identification:_identify(.) by extensions ['colcon_pkg']
[0.589s] Level 1:colcon.colcon_core.package_identification:_identify(.) by extension 'colcon_pkg'
[0.589s] Level 1:colcon.colcon_core.package_identification:_identify(.) by extensions ['colcon_meta']
[0.589s] Level 1:colcon.colcon_core.package_identification:_identify(.) by extension 'colcon_meta'
[0.589s] Level 1:colcon.colcon_core.package_identification:_identify(.) by extensions ['ros']
[0.589s] Level 1:colcon.colcon_core.package_identification:_identify(.) by extension 'ros'
[0.619s] DEBUG:colcon.colcon_core.package_identification:Package '.' with type 'ros.ament_cmake' and name 'my_bot'
[0.619s] Level 1:colcon.colcon_core.package_discovery:discover_packages(recursive) using defaults
[0.619s] Level 1:colcon.colcon_core.package_discovery:discover_packages(ignore) discover
[0.619s] Level 1:colcon.colcon_core.package_discovery:discover_packages(ignore) using defaults
[0.619s] Level 1:colcon.colcon_core.package_discovery:discover_packages(path) discover
[0.619s] Level 1:colcon.colcon_core.package_discovery:discover_packages(path) using defaults
[0.660s] Level 5:colcon.colcon_core.verb:set package 'my_bot' build argument 'cmake_args' from command line to 'None'
[0.660s] Level 5:colcon.colcon_core.verb:set package 'my_bot' build argument 'cmake_target' from command line to 'None'
[0.660s] Level 5:colcon.colcon_core.verb:set package 'my_bot' build argument 'cmake_target_skip_unavailable' from command line to 'False'
[0.660s] Level 5:colcon.colcon_core.verb:set package 'my_bot' build argument 'cmake_clean_cache' from command line to 'False'
[0.660s] Level 5:colcon.colcon_core.verb:set package 'my_bot' build argument 'cmake_clean_first' from command line to 'False'
[0.661s] Level 5:colcon.colcon_core.verb:set package 'my_bot' build argument 'cmake_force_configure' from command line to 'False'
[0.661s] Level 5:colcon.colcon_core.verb:set package 'my_bot' build argument 'ament_cmake_args' from command line to 'None'
[0.661s] Level 5:colcon.colcon_core.verb:set package 'my_bot' build argument 'catkin_cmake_args' from command line to 'None'
[0.661s] Level 5:colcon.colcon_core.verb:set package 'my_bot' build argument 'catkin_skip_building_tests' from command line to 'False'
[0.661s] DEBUG:colcon.colcon_core.verb:Building package 'my_bot' with the following arguments: {'ament_cmake_args': None, 'build_base': '/home/hansana_eranga/ros2_ws/src/Mobile-Robot-building-with-an-ROS/build/my_bot', 'catkin_cmake_args': None, 'catkin_skip_building_tests': False, 'cmake_args': None, 'cmake_clean_cache': False, 'cmake_clean_first': False, 'cmake_force_configure': False, 'cmake_target': None, 'cmake_target_skip_unavailable': False, 'install_base': '/home/hansana_eranga/ros2_ws/src/Mobile-Robot-building-with-an-ROS/install/my_bot', 'merge_install': False, 'path': '/home/hansana_eranga/ros2_ws/src/Mobile-Robot-building-with-an-ROS', 'symlink_install': True, 'test_result_base': None}
[0.661s] INFO:colcon.colcon_core.executor:Executing jobs using 'parallel' executor
[0.662s] DEBUG:colcon.colcon_parallel_executor.executor.parallel:run_until_complete
[0.663s] INFO:colcon.colcon_ros.task.ament_cmake.build:Building ROS package in '/home/hansana_eranga/ros2_ws/src/Mobile-Robot-building-with-an-ROS' with build type 'ament_cmake'
[0.663s] INFO:colcon.colcon_cmake.task.cmake.build:Building CMake package in '/home/hansana_eranga/ros2_ws/src/Mobile-Robot-building-with-an-ROS'
[0.672s] INFO:colcon.colcon_core.plugin_system:Skipping extension 'colcon_core.shell.bat': Not used on non-Windows systems
[0.672s] INFO:colcon.colcon_core.shell:Skip shell extension 'powershell' for command environment: Not usable outside of PowerShell
[0.672s] DEBUG:colcon.colcon_core.shell:Skip shell extension 'dsv' for command environment
[0.698s] DEBUG:colcon.colcon_core.event_handler.log_command:Invoking command in '/home/hansana_eranga/ros2_ws/src/Mobile-Robot-building-with-an-ROS/build/my_bot': CMAKE_PREFIX_PATH=/opt/ros/foxy /usr/bin/cmake /home/hansana_eranga/ros2_ws/src/Mobile-Robot-building-with-an-ROS -DAMENT_CMAKE_SYMLINK_INSTALL=1 -DCMAKE_INSTALL_PREFIX=/home/hansana_eranga/ros2_ws/src/Mobile-Robot-building-with-an-ROS/install/my_bot
[1.333s] DEBUG:colcon.colcon_core.event_handler.log_command:Invoked command in '/home/hansana_eranga/ros2_ws/src/Mobile-Robot-building-with-an-ROS/build/my_bot' returned '0': CMAKE_PREFIX_PATH=/opt/ros/foxy /usr/bin/cmake /home/hansana_eranga/ros2_ws/src/Mobile-Robot-building-with-an-ROS -DAMENT_CMAKE_SYMLINK_INSTALL=1 -DCMAKE_INSTALL_PREFIX=/home/hansana_eranga/ros2_ws/src/Mobile-Robot-building-with-an-ROS/install/my_bot
[1.335s] DEBUG:colcon.colcon_core.event_handler.log_command:Invoking command in '/home/hansana_eranga/ros2_ws/src/Mobile-Robot-building-with-an-ROS/build/my_bot': CMAKE_PREFIX_PATH=/opt/ros/foxy /usr/bin/cmake --build /home/hansana_eranga/ros2_ws/src/Mobile-Robot-building-with-an-ROS/build/my_bot -- -j12 -l12
[1.377s] DEBUG:colcon.colcon_core.event_handler.log_command:Invoked command in '/home/hansana_eranga/ros2_ws/src/Mobile-Robot-building-with-an-ROS/build/my_bot' returned '0': CMAKE_PREFIX_PATH=/opt/ros/foxy /usr/bin/cmake --build /home/hansana_eranga/ros2_ws/src/Mobile-Robot-building-with-an-ROS/build/my_bot -- -j12 -l12
[1.392s] DEBUG:colcon.colcon_core.event_handler.log_command:Invoking command in '/home/hansana_eranga/ros2_ws/src/Mobile-Robot-building-with-an-ROS/build/my_bot': CMAKE_PREFIX_PATH=/opt/ros/foxy /usr/bin/cmake --install /home/hansana_eranga/ros2_ws/src/Mobile-Robot-building-with-an-ROS/build/my_bot
[1.632s] Level 1:colcon.colcon_core.environment:create_environment_scripts_only(my_bot)
[1.633s] DEBUG:colcon.colcon_core.event_handler.log_command:Invoked command in '/home/hansana_eranga/ros2_ws/src/Mobile-Robot-building-with-an-ROS/build/my_bot' returned '0': CMAKE_PREFIX_PATH=/opt/ros/foxy /usr/bin/cmake --install /home/hansana_eranga/ros2_ws/src/Mobile-Robot-building-with-an-ROS/build/my_bot
[1.642s] Level 1:colcon.colcon_core.environment:checking '/home/hansana_eranga/ros2_ws/src/Mobile-Robot-building-with-an-ROS/install/my_bot' for CMake module files
[1.642s] Level 1:colcon.colcon_core.environment:checking '/home/hansana_eranga/ros2_ws/src/Mobile-Robot-building-with-an-ROS/install/my_bot' for CMake config files
[1.643s] Level 1:colcon.colcon_core.shell:create_environment_hook('my_bot', 'cmake_prefix_path')
[1.643s] INFO:colcon.colcon_core.shell:Creating environment hook '/home/hansana_eranga/ros2_ws/src/Mobile-Robot-building-with-an-ROS/install/my_bot/share/my_bot/hook/cmake_prefix_path.ps1'
[1.644s] INFO:colcon.colcon_core.shell:Creating environment descriptor '/home/hansana_eranga/ros2_ws/src/Mobile-Robot-building-with-an-ROS/install/my_bot/share/my_bot/hook/cmake_prefix_path.dsv'
[1.646s] INFO:colcon.colcon_core.shell:Creating environment hook '/home/hansana_eranga/ros2_ws/src/Mobile-Robot-building-with-an-ROS/install/my_bot/share/my_bot/hook/cmake_prefix_path.sh'
[1.647s] Level 1:colcon.colcon_core.environment:checking '/home/hansana_eranga/ros2_ws/src/Mobile-Robot-building-with-an-ROS/install/my_bot/bin'
[1.647s] Level 1:colcon.colcon_core.environment:checking '/home/hansana_eranga/ros2_ws/src/Mobile-Robot-building-with-an-ROS/install/my_bot/lib/pkgconfig/my_bot.pc'
[1.649s] Level 1:colcon.colcon_core.environment:checking '/home/hansana_eranga/ros2_ws/src/Mobile-Robot-building-with-an-ROS/install/my_bot/lib/python3.8/site-packages'
[1.649s] Level 1:colcon.colcon_core.environment:checking '/home/hansana_eranga/ros2_ws/src/Mobile-Robot-building-with-an-ROS/install/my_bot/bin'
[1.649s] INFO:colcon.colcon_core.shell:Creating package script '/home/hansana_eranga/ros2_ws/src/Mobile-Robot-building-with-an-ROS/install/my_bot/share/my_bot/package.ps1'
[1.650s] INFO:colcon.colcon_core.shell:Creating package descriptor '/home/hansana_eranga/ros2_ws/src/Mobile-Robot-building-with-an-ROS/install/my_bot/share/my_bot/package.dsv'
[1.652s] INFO:colcon.colcon_core.shell:Creating package script '/home/hansana_eranga/ros2_ws/src/Mobile-Robot-building-with-an-ROS/install/my_bot/share/my_bot/package.sh'
[1.652s] INFO:colcon.colcon_core.shell:Creating package script '/home/hansana_eranga/ros2_ws/src/Mobile-Robot-building-with-an-ROS/install/my_bot/share/my_bot/package.bash'
[1.654s] INFO:colcon.colcon_core.shell:Creating package script '/home/hansana_eranga/ros2_ws/src/Mobile-Robot-building-with-an-ROS/install/my_bot/share/my_bot/package.zsh'
[1.655s] Level 1:colcon.colcon_core.environment:create_file_with_runtime_dependencies(/home/hansana_eranga/ros2_ws/src/Mobile-Robot-building-with-an-ROS/install/my_bot/share/colcon-core/packages/my_bot)
[1.656s] Level 1:colcon.colcon_core.environment:create_environment_scripts_only(my_bot)
[1.656s] Level 1:colcon.colcon_core.environment:checking '/home/hansana_eranga/ros2_ws/src/Mobile-Robot-building-with-an-ROS/install/my_bot' for CMake module files
[1.657s] Level 1:colcon.colcon_core.environment:checking '/home/hansana_eranga/ros2_ws/src/Mobile-Robot-building-with-an-ROS/install/my_bot' for CMake config files
[1.657s] Level 1:colcon.colcon_core.shell:create_environment_hook('my_bot', 'cmake_prefix_path')
[1.657s] INFO:colcon.colcon_core.shell:Creating environment hook '/home/hansana_eranga/ros2_ws/src/Mobile-Robot-building-with-an-ROS/install/my_bot/share/my_bot/hook/cmake_prefix_path.ps1'
[1.658s] INFO:colcon.colcon_core.shell:Creating environment descriptor '/home/hansana_eranga/ros2_ws/src/Mobile-Robot-building-with-an-ROS/install/my_bot/share/my_bot/hook/cmake_prefix_path.dsv'
[1.658s] INFO:colcon.colcon_core.shell:Creating environment hook '/home/hansana_eranga/ros2_ws/src/Mobile-Robot-building-with-an-ROS/install/my_bot/share/my_bot/hook/cmake_prefix_path.sh'
[1.658s] Level 1:colcon.colcon_core.environment:checking '/home/hansana_eranga/ros2_ws/src/Mobile-Robot-building-with-an-ROS/install/my_bot/bin'
[1.658s] Level 1:colcon.colcon_core.environment:checking '/home/hansana_eranga/ros2_ws/src/Mobile-Robot-building-with-an-ROS/install/my_bot/lib/pkgconfig/my_bot.pc'
[1.659s] Level 1:colcon.colcon_core.environment:checking '/home/hansana_eranga/ros2_ws/src/Mobile-Robot-building-with-an-ROS/install/my_bot/lib/python3.8/site-packages'
[1.659s] Level 1:colcon.colcon_core.environment:checking '/home/hansana_eranga/ros2_ws/src/Mobile-Robot-building-with-an-ROS/install/my_bot/bin'
[1.659s] INFO:colcon.colcon_core.shell:Creating package script '/home/hansana_eranga/ros2_ws/src/Mobile-Robot-building-with-an-ROS/install/my_bot/share/my_bot/package.ps1'
[1.659s] INFO:colcon.colcon_core.shell:Creating package descriptor '/home/hansana_eranga/ros2_ws/src/Mobile-Robot-building-with-an-ROS/install/my_bot/share/my_bot/package.dsv'
[1.660s] INFO:colcon.colcon_core.shell:Creating package script '/home/hansana_eranga/ros2_ws/src/Mobile-Robot-building-with-an-ROS/install/my_bot/share/my_bot/package.sh'
[1.660s] INFO:colcon.colcon_core.shell:Creating package script '/home/hansana_eranga/ros2_ws/src/Mobile-Robot-building-with-an-ROS/install/my_bot/share/my_bot/package.bash'
[1.660s] INFO:colcon.colcon_core.shell:Creating package script '/home/hansana_eranga/ros2_ws/src/Mobile-Robot-building-with-an-ROS/install/my_bot/share/my_bot/package.zsh'
[1.661s] Level 1:colcon.colcon_core.environment:create_file_with_runtime_dependencies(/home/hansana_eranga/ros2_ws/src/Mobile-Robot-building-with-an-ROS/install/my_bot/share/colcon-core/packages/my_bot)
[1.661s] DEBUG:colcon.colcon_parallel_executor.executor.parallel:closing loop
[1.662s] DEBUG:colcon.colcon_parallel_executor.executor.parallel:loop closed
[1.662s] DEBUG:colcon.colcon_parallel_executor.executor.parallel:run_until_complete finished with '0'
[1.662s] DEBUG:colcon.colcon_core.event_reactor:joining thread
[1.710s] INFO:colcon.colcon_core.plugin_system:Skipping extension 'colcon_notification.desktop_notification.notify_send': Could not find 'notify-send'
[1.710s] INFO:colcon.colcon_core.plugin_system:Skipping extension 'colcon_notification.desktop_notification.terminal_notifier': Not used on non-Darwin systems
[1.710s] INFO:colcon.colcon_core.plugin_system:Skipping extension 'colcon_notification.desktop_notification.win32': Not used on non-Windows systems
[1.711s] INFO:colcon.colcon_notification.desktop_notification:Sending desktop notification using 'notify2'
[1.718s] DEBUG:colcon.colcon_notification.desktop_notification.notify2:Failed to initialize notify2: org.freedesktop.DBus.Error.ServiceUnknown: The name org.freedesktop.Notifications was not provided by any .service files
[1.718s] DEBUG:colcon.colcon_core.event_reactor:joined thread
[1.719s] INFO:colcon.colcon_core.shell:Creating prefix script '/home/hansana_eranga/ros2_ws/src/Mobile-Robot-building-with-an-ROS/install/local_setup.ps1'
[1.720s] INFO:colcon.colcon_core.shell:Creating prefix util module '/home/hansana_eranga/ros2_ws/src/Mobile-Robot-building-with-an-ROS/install/_local_setup_util_ps1.py'
[1.722s] INFO:colcon.colcon_core.shell:Creating prefix chain script '/home/hansana_eranga/ros2_ws/src/Mobile-Robot-building-with-an-ROS/install/setup.ps1'
[1.723s] INFO:colcon.colcon_core.shell:Creating prefix script '/home/hansana_eranga/ros2_ws/src/Mobile-Robot-building-with-an-ROS/install/local_setup.sh'
[1.724s] INFO:colcon.colcon_core.shell:Creating prefix util module '/home/hansana_eranga/ros2_ws/src/Mobile-Robot-building-with-an-ROS/install/_local_setup_util_sh.py'
[1.725s] INFO:colcon.colcon_core.shell:Creating prefix chain script '/home/hansana_eranga/ros2_ws/src/Mobile-Robot-building-with-an-ROS/install/setup.sh'
[1.726s] INFO:colcon.colcon_core.shell:Creating prefix script '/home/hansana_eranga/ros2_ws/src/Mobile-Robot-building-with-an-ROS/install/local_setup.bash'
[1.727s] INFO:colcon.colcon_core.shell:Creating prefix chain script '/home/hansana_eranga/ros2_ws/src/Mobile-Robot-building-with-an-ROS/install/setup.bash'
[1.729s] INFO:colcon.colcon_core.shell:Creating prefix script '/home/hansana_eranga/ros2_ws/src/Mobile-Robot-building-with-an-ROS/install/local_setup.zsh'
[1.729s] INFO:colcon.colcon_core.shell:Creating prefix chain script '/home/hansana_eranga/ros2_ws/src/Mobile-Robot-building-with-an-ROS/install/setup.zsh'
