[0.025s] Invoking command in '/home/hansana_eranga/ros2_ws/src/Mobile-Robot-building-with-an-ROS/build/my_bot': CMAKE_PREFIX_PATH=/opt/ros/foxy /usr/bin/cmake /home/hansana_eranga/ros2_ws/src/Mobile-Robot-building-with-an-ROS -DCMAKE_INSTALL_PREFIX=/home/hansana_eranga/ros2_ws/src/Mobile-Robot-building-with-an-ROS/install/my_bot
[0.092s] -- Found ament_cmake: 0.9.12 (/opt/ros/foxy/share/ament_cmake/cmake)
[0.119s] -- Using PYTHON_EXECUTABLE: /usr/bin/python3
[0.288s] -- Override CMake install command with custom implementation using symlinks instead of copying resources
[0.306s] -- Found ament_lint_auto: 0.9.8 (/opt/ros/foxy/share/ament_lint_auto/cmake)
[0.367s] -- Added test 'copyright' to check source files copyright and LICENSE
[0.417s] -- Added test 'cppcheck' to perform static code analysis on C / C++ code
[0.417s] -- Configured cppcheck include dirs: 
[0.417s] -- Configured cppcheck exclude dirs and/or files: 
[0.444s] -- Added test 'cpplint' to check C / C++ code against the Google style
[0.444s] -- Configured cpplint exclude dirs and/or files: 
[0.449s] -- Added test 'flake8' to check Python code syntax and style conventions
[0.457s] -- Added test 'lint_cmake' to check CMake code style
[0.461s] -- Added test 'pep257' to check Python code against some of the style conventions in PEP 257
[0.490s] -- Added test 'uncrustify' to check C / C++ code style
[0.490s] -- Configured uncrustify additional arguments: 
[0.495s] -- Added test 'xmllint' to check XML markup files
[0.497s] -- Configuring done
[0.513s] -- Generating done
[0.520s] -- Build files have been written to: /home/hansana_eranga/ros2_ws/src/Mobile-Robot-building-with-an-ROS/build/my_bot
[0.528s] Invoked command in '/home/hansana_eranga/ros2_ws/src/Mobile-Robot-building-with-an-ROS/build/my_bot' returned '0': CMAKE_PREFIX_PATH=/opt/ros/foxy /usr/bin/cmake /home/hansana_eranga/ros2_ws/src/Mobile-Robot-building-with-an-ROS -DCMAKE_INSTALL_PREFIX=/home/hansana_eranga/ros2_ws/src/Mobile-Robot-building-with-an-ROS/install/my_bot
[0.530s] Invoking command in '/home/hansana_eranga/ros2_ws/src/Mobile-Robot-building-with-an-ROS/build/my_bot': CMAKE_PREFIX_PATH=/opt/ros/foxy /usr/bin/cmake --build /home/hansana_eranga/ros2_ws/src/Mobile-Robot-building-with-an-ROS/build/my_bot -- -j12 -l12
[0.571s] Invoked command in '/home/hansana_eranga/ros2_ws/src/Mobile-Robot-building-with-an-ROS/build/my_bot' returned '0': CMAKE_PREFIX_PATH=/opt/ros/foxy /usr/bin/cmake --build /home/hansana_eranga/ros2_ws/src/Mobile-Robot-building-with-an-ROS/build/my_bot -- -j12 -l12
[0.585s] Invoking command in '/home/hansana_eranga/ros2_ws/src/Mobile-Robot-building-with-an-ROS/build/my_bot': CMAKE_PREFIX_PATH=/opt/ros/foxy /usr/bin/cmake --install /home/hansana_eranga/ros2_ws/src/Mobile-Robot-building-with-an-ROS/build/my_bot
[0.591s] -- Install configuration: ""
[0.592s] -- Execute custom install script
[0.593s] -- Up-to-date symlink: /home/hansana_eranga/ros2_ws/src/Mobile-Robot-building-with-an-ROS/install/my_bot/share/my_bot/config/empty.yaml
[0.593s] -- Up-to-date symlink: /home/hansana_eranga/ros2_ws/src/Mobile-Robot-building-with-an-ROS/install/my_bot/share/my_bot/config/view_bot_rviz.rviz
[0.593s] -- Up-to-date symlink: /home/hansana_eranga/ros2_ws/src/Mobile-Robot-building-with-an-ROS/install/my_bot/share/my_bot/description/inertial_macros.xacro
[0.594s] -- Up-to-date symlink: /home/hansana_eranga/ros2_ws/src/Mobile-Robot-building-with-an-ROS/install/my_bot/share/my_bot/description/robot.urdf.xacro
[0.594s] -- Up-to-date symlink: /home/hansana_eranga/ros2_ws/src/Mobile-Robot-building-with-an-ROS/install/my_bot/share/my_bot/description/robot_core.xacro
[0.594s] -- Up-to-date symlink: /home/hansana_eranga/ros2_ws/src/Mobile-Robot-building-with-an-ROS/install/my_bot/share/my_bot/launch/launch_sim.launch.py
[0.594s] -- Up-to-date symlink: /home/hansana_eranga/ros2_ws/src/Mobile-Robot-building-with-an-ROS/install/my_bot/share/my_bot/launch/rsp.launch.py
[0.594s] -- Up-to-date symlink: /home/hansana_eranga/ros2_ws/src/Mobile-Robot-building-with-an-ROS/install/my_bot/share/my_bot/worlds/empty.world
[0.594s] -- Up-to-date symlink: /home/hansana_eranga/ros2_ws/src/Mobile-Robot-building-with-an-ROS/install/my_bot/share/ament_index/resource_index/package_run_dependencies/my_bot
[0.595s] -- Up-to-date symlink: /home/hansana_eranga/ros2_ws/src/Mobile-Robot-building-with-an-ROS/install/my_bot/share/ament_index/resource_index/parent_prefix_path/my_bot
[0.595s] -- Up-to-date symlink: /home/hansana_eranga/ros2_ws/src/Mobile-Robot-building-with-an-ROS/install/my_bot/share/my_bot/environment/ament_prefix_path.sh
[0.595s] -- Up-to-date symlink: /home/hansana_eranga/ros2_ws/src/Mobile-Robot-building-with-an-ROS/install/my_bot/share/my_bot/environment/ament_prefix_path.dsv
[0.595s] -- Up-to-date symlink: /home/hansana_eranga/ros2_ws/src/Mobile-Robot-building-with-an-ROS/install/my_bot/share/my_bot/environment/path.sh
[0.596s] -- Up-to-date symlink: /home/hansana_eranga/ros2_ws/src/Mobile-Robot-building-with-an-ROS/install/my_bot/share/my_bot/environment/path.dsv
[0.596s] -- Up-to-date symlink: /home/hansana_eranga/ros2_ws/src/Mobile-Robot-building-with-an-ROS/install/my_bot/share/my_bot/local_setup.bash
[0.596s] -- Up-to-date symlink: /home/hansana_eranga/ros2_ws/src/Mobile-Robot-building-with-an-ROS/install/my_bot/share/my_bot/local_setup.sh
[0.596s] -- Up-to-date symlink: /home/hansana_eranga/ros2_ws/src/Mobile-Robot-building-with-an-ROS/install/my_bot/share/my_bot/local_setup.zsh
[0.596s] -- Up-to-date symlink: /home/hansana_eranga/ros2_ws/src/Mobile-Robot-building-with-an-ROS/install/my_bot/share/my_bot/local_setup.dsv
[0.596s] -- Symlinking: /home/hansana_eranga/ros2_ws/src/Mobile-Robot-building-with-an-ROS/install/my_bot/share/my_bot/package.dsv
[0.606s] -- Up-to-date symlink: /home/hansana_eranga/ros2_ws/src/Mobile-Robot-building-with-an-ROS/install/my_bot/share/ament_index/resource_index/packages/my_bot
[0.606s] -- Up-to-date symlink: /home/hansana_eranga/ros2_ws/src/Mobile-Robot-building-with-an-ROS/install/my_bot/share/my_bot/cmake/my_botConfig.cmake
[0.607s] -- Up-to-date symlink: /home/hansana_eranga/ros2_ws/src/Mobile-Robot-building-with-an-ROS/install/my_bot/share/my_bot/cmake/my_botConfig-version.cmake
[0.607s] -- Up-to-date symlink: /home/hansana_eranga/ros2_ws/src/Mobile-Robot-building-with-an-ROS/install/my_bot/share/my_bot/package.xml
[0.610s] Invoked command in '/home/hansana_eranga/ros2_ws/src/Mobile-Robot-building-with-an-ROS/build/my_bot' returned '0': CMAKE_PREFIX_PATH=/opt/ros/foxy /usr/bin/cmake --install /home/hansana_eranga/ros2_ws/src/Mobile-Robot-building-with-an-ROS/build/my_bot
