[0.024s] Invoking command in '/home/hansana_eranga/ros2_ws/src/Mobile-Robot-building-with-an-ROS/build/my_bot': CMAKE_PREFIX_PATH=/opt/ros/foxy /usr/bin/cmake --build /home/hansana_eranga/ros2_ws/src/Mobile-Robot-building-with-an-ROS/build/my_bot -- -j12 -l12
[0.085s] Invoked command in '/home/hansana_eranga/ros2_ws/src/Mobile-Robot-building-with-an-ROS/build/my_bot' returned '0': CMAKE_PREFIX_PATH=/opt/ros/foxy /usr/bin/cmake --build /home/hansana_eranga/ros2_ws/src/Mobile-Robot-building-with-an-ROS/build/my_bot -- -j12 -l12
[0.097s] Invoking command in '/home/hansana_eranga/ros2_ws/src/Mobile-Robot-building-with-an-ROS/build/my_bot': CMAKE_PREFIX_PATH=/opt/ros/foxy /usr/bin/cmake --install /home/hansana_eranga/ros2_ws/src/Mobile-Robot-building-with-an-ROS/build/my_bot
[0.105s] -- Install configuration: ""
[0.106s] -- Execute custom install script
[0.107s] -- Up-to-date symlink: /home/hansana_eranga/ros2_ws/src/Mobile-Robot-building-with-an-ROS/install/my_bot/share/my_bot/config/empty.yaml
[0.108s] -- Up-to-date symlink: /home/hansana_eranga/ros2_ws/src/Mobile-Robot-building-with-an-ROS/install/my_bot/share/my_bot/config/view_bot_rviz.rviz
[0.108s] -- Up-to-date symlink: /home/hansana_eranga/ros2_ws/src/Mobile-Robot-building-with-an-ROS/install/my_bot/share/my_bot/description/inertial_macros.xacro
[0.108s] -- Up-to-date symlink: /home/hansana_eranga/ros2_ws/src/Mobile-Robot-building-with-an-ROS/install/my_bot/share/my_bot/description/robot.urdf.xacro
[0.108s] -- Up-to-date symlink: /home/hansana_eranga/ros2_ws/src/Mobile-Robot-building-with-an-ROS/install/my_bot/share/my_bot/description/robot_core.xacro
[0.109s] -- Up-to-date symlink: /home/hansana_eranga/ros2_ws/src/Mobile-Robot-building-with-an-ROS/install/my_bot/share/my_bot/launch/launch_sim.launch.py
[0.109s] -- Up-to-date symlink: /home/hansana_eranga/ros2_ws/src/Mobile-Robot-building-with-an-ROS/install/my_bot/share/my_bot/launch/rsp.launch.py
[0.109s] -- Up-to-date symlink: /home/hansana_eranga/ros2_ws/src/Mobile-Robot-building-with-an-ROS/install/my_bot/share/my_bot/worlds/empty.world
[0.110s] -- Up-to-date symlink: /home/hansana_eranga/ros2_ws/src/Mobile-Robot-building-with-an-ROS/install/my_bot/share/ament_index/resource_index/package_run_dependencies/my_bot
[0.110s] -- Up-to-date symlink: /home/hansana_eranga/ros2_ws/src/Mobile-Robot-building-with-an-ROS/install/my_bot/share/ament_index/resource_index/parent_prefix_path/my_bot
[0.110s] -- Up-to-date symlink: /home/hansana_eranga/ros2_ws/src/Mobile-Robot-building-with-an-ROS/install/my_bot/share/my_bot/environment/ament_prefix_path.sh
[0.111s] -- Up-to-date symlink: /home/hansana_eranga/ros2_ws/src/Mobile-Robot-building-with-an-ROS/install/my_bot/share/my_bot/environment/ament_prefix_path.dsv
[0.111s] -- Up-to-date symlink: /home/hansana_eranga/ros2_ws/src/Mobile-Robot-building-with-an-ROS/install/my_bot/share/my_bot/environment/path.sh
[0.112s] -- Up-to-date symlink: /home/hansana_eranga/ros2_ws/src/Mobile-Robot-building-with-an-ROS/install/my_bot/share/my_bot/environment/path.dsv
[0.112s] -- Up-to-date symlink: /home/hansana_eranga/ros2_ws/src/Mobile-Robot-building-with-an-ROS/install/my_bot/share/my_bot/local_setup.bash
[0.112s] -- Up-to-date symlink: /home/hansana_eranga/ros2_ws/src/Mobile-Robot-building-with-an-ROS/install/my_bot/share/my_bot/local_setup.sh
[0.113s] -- Up-to-date symlink: /home/hansana_eranga/ros2_ws/src/Mobile-Robot-building-with-an-ROS/install/my_bot/share/my_bot/local_setup.zsh
[0.114s] -- Up-to-date symlink: /home/hansana_eranga/ros2_ws/src/Mobile-Robot-building-with-an-ROS/install/my_bot/share/my_bot/local_setup.dsv
[0.114s] -- Symlinking: /home/hansana_eranga/ros2_ws/src/Mobile-Robot-building-with-an-ROS/install/my_bot/share/my_bot/package.dsv
[0.126s] -- Up-to-date symlink: /home/hansana_eranga/ros2_ws/src/Mobile-Robot-building-with-an-ROS/install/my_bot/share/ament_index/resource_index/packages/my_bot
[0.126s] -- Up-to-date symlink: /home/hansana_eranga/ros2_ws/src/Mobile-Robot-building-with-an-ROS/install/my_bot/share/my_bot/cmake/my_botConfig.cmake
[0.127s] -- Up-to-date symlink: /home/hansana_eranga/ros2_ws/src/Mobile-Robot-building-with-an-ROS/install/my_bot/share/my_bot/cmake/my_botConfig-version.cmake
[0.127s] -- Up-to-date symlink: /home/hansana_eranga/ros2_ws/src/Mobile-Robot-building-with-an-ROS/install/my_bot/share/my_bot/package.xml
[0.129s] Invoked command in '/home/hansana_eranga/ros2_ws/src/Mobile-Robot-building-with-an-ROS/build/my_bot' returned '0': CMAKE_PREFIX_PATH=/opt/ros/foxy /usr/bin/cmake --install /home/hansana_eranga/ros2_ws/src/Mobile-Robot-building-with-an-ROS/build/my_bot
