[0.857s] DEBUG:colcon:Command line arguments: ['/home/hansana_eranga/.local/bin/colcon', 'build']
[0.857s] DEBUG:colcon:Parsed command line arguments: Namespace(ament_cmake_args=None, base_paths=['.'], build_base='build', catkin_cmake_args=None, catkin_skip_building_tests=False, cmake_args=None, cmake_clean_cache=False, cmake_clean_first=False, cmake_force_configure=False, cmake_target=None, cmake_target_skip_unavailable=False, continue_on_error=False, event_handlers=None, executor='parallel', ignore_user_meta=False, install_base='install', log_base=None, log_level=None, main=<bound method BuildVerb.main of <colcon_core.verb.build.BuildVerb object at 0x7162e2081fd0>>, merge_install=False, metas=['./colcon.meta'], packages_above=None, packages_above_and_dependencies=None, packages_above_depth=None, packages_end=None, packages_ignore=None, packages_ignore_regex=None, packages_select=None, packages_select_build_failed=False, packages_select_by_dep=None, packages_select_regex=None, packages_select_test_failures=False, packages_skip=None, packages_skip_build_finished=False, packages_skip_by_dep=None, packages_skip_regex=None, packages_skip_test_passed=False, packages_skip_up_to=None, packages_start=None, packages_up_to=None, packages_up_to_regex=None, parallel_workers=12, paths=None, symlink_install=False, test_result_base=None, verb_extension=<colcon_core.verb.build.BuildVerb object at 0x7162e2081fd0>, verb_name='build', verb_parser=<colcon_defaults.argument_parser.defaults.DefaultArgumentsDecorator object at 0x7162e1fec8b0>)
[1.003s] Level 1:colcon.colcon_core.package_discovery:discover_packages(colcon_meta) check parameters
[1.003s] Level 1:colcon.colcon_core.package_discovery:discover_packages(recursive) check parameters
[1.004s] Level 1:colcon.colcon_core.package_discovery:discover_packages(ignore) check parameters
[1.004s] Level 1:colcon.colcon_core.package_discovery:discover_packages(path) check parameters
[1.004s] Level 1:colcon.colcon_core.package_discovery:discover_packages(colcon_meta) discover
[1.004s] Level 1:colcon.colcon_core.package_discovery:discover_packages(recursive) discover
[1.004s] INFO:colcon.colcon_core.package_discovery:Crawling recursively for packages in '/home/hansana_eranga/ros2_ws/src/Mobile-Robot-building-with-an-ROS'
[1.004s] Level 1:colcon.colcon_core.package_identification:_identify(.) by extensions ['ignore', 'ignore_ament_install']
[1.004s] Level 1:colcon.colcon_core.package_identification:_identify(.) by extension 'ignore'
[1.004s] Level 1:colcon.colcon_core.package_identification:_identify(.) by extension 'ignore_ament_install'
[1.004s] Level 1:colcon.colcon_core.package_identification:_identify(.) by extensions ['colcon_pkg']
[1.004s] Level 1:colcon.colcon_core.package_identification:_identify(.) by extension 'colcon_pkg'
[1.005s] Level 1:colcon.colcon_core.package_identification:_identify(.) by extensions ['colcon_meta']
[1.005s] Level 1:colcon.colcon_core.package_identification:_identify(.) by extension 'colcon_meta'
[1.005s] Level 1:colcon.colcon_core.package_identification:_identify(.) by extensions ['ros']
[1.005s] Level 1:colcon.colcon_core.package_identification:_identify(.) by extension 'ros'
[1.044s] DEBUG:colcon.colcon_core.package_identification:Package '.' with type 'ros.ament_cmake' and name 'my_bot'
[1.044s] Level 1:colcon.colcon_core.package_discovery:discover_packages(recursive) using defaults
[1.044s] Level 1:colcon.colcon_core.package_discovery:discover_packages(ignore) discover
[1.044s] Level 1:colcon.colcon_core.package_discovery:discover_packages(ignore) using defaults
[1.044s] Level 1:colcon.colcon_core.package_discovery:discover_packages(path) discover
[1.044s] Level 1:colcon.colcon_core.package_discovery:discover_packages(path) using defaults
[1.095s] Level 5:colcon.colcon_core.verb:set package 'my_bot' build argument 'cmake_args' from command line to 'None'
[1.095s] Level 5:colcon.colcon_core.verb:set package 'my_bot' build argument 'cmake_target' from command line to 'None'
[1.095s] Level 5:colcon.colcon_core.verb:set package 'my_bot' build argument 'cmake_target_skip_unavailable' from command line to 'False'
[1.095s] Level 5:colcon.colcon_core.verb:set package 'my_bot' build argument 'cmake_clean_cache' from command line to 'False'
[1.095s] Level 5:colcon.colcon_core.verb:set package 'my_bot' build argument 'cmake_clean_first' from command line to 'False'
[1.095s] Level 5:colcon.colcon_core.verb:set package 'my_bot' build argument 'cmake_force_configure' from command line to 'False'
[1.095s] Level 5:colcon.colcon_core.verb:set package 'my_bot' build argument 'ament_cmake_args' from command line to 'None'
[1.095s] Level 5:colcon.colcon_core.verb:set package 'my_bot' build argument 'catkin_cmake_args' from command line to 'None'
[1.095s] Level 5:colcon.colcon_core.verb:set package 'my_bot' build argument 'catkin_skip_building_tests' from command line to 'False'
[1.095s] DEBUG:colcon.colcon_core.verb:Building package 'my_bot' with the following arguments: {'ament_cmake_args': None, 'build_base': '/home/hansana_eranga/ros2_ws/src/Mobile-Robot-building-with-an-ROS/build/my_bot', 'catkin_cmake_args': None, 'catkin_skip_building_tests': False, 'cmake_args': None, 'cmake_clean_cache': False, 'cmake_clean_first': False, 'cmake_force_configure': False, 'cmake_target': None, 'cmake_target_skip_unavailable': False, 'install_base': '/home/hansana_eranga/ros2_ws/src/Mobile-Robot-building-with-an-ROS/install/my_bot', 'merge_install': False, 'path': '/home/hansana_eranga/ros2_ws/src/Mobile-Robot-building-with-an-ROS', 'symlink_install': False, 'test_result_base': None}
[1.095s] INFO:colcon.colcon_core.executor:Executing jobs using 'parallel' executor
[1.097s] DEBUG:colcon.colcon_parallel_executor.executor.parallel:run_until_complete
[1.097s] INFO:colcon.colcon_ros.task.ament_cmake.build:Building ROS package in '/home/hansana_eranga/ros2_ws/src/Mobile-Robot-building-with-an-ROS' with build type 'ament_cmake'
[1.098s] INFO:colcon.colcon_cmake.task.cmake.build:Building CMake package in '/home/hansana_eranga/ros2_ws/src/Mobile-Robot-building-with-an-ROS'
[1.105s] INFO:colcon.colcon_core.plugin_system:Skipping extension 'colcon_core.shell.bat': Not used on non-Windows systems
[1.105s] INFO:colcon.colcon_core.shell:Skip shell extension 'powershell' for command environment: Not usable outside of PowerShell
[1.106s] DEBUG:colcon.colcon_core.shell:Skip shell extension 'dsv' for command environment
[1.143s] DEBUG:colcon.colcon_core.event_handler.log_command:Invoking command in '/home/hansana_eranga/ros2_ws/src/Mobile-Robot-building-with-an-ROS/build/my_bot': CMAKE_PREFIX_PATH=/opt/ros/foxy /usr/bin/cmake --build /home/hansana_eranga/ros2_ws/src/Mobile-Robot-building-with-an-ROS/build/my_bot -- -j12 -l12
[1.438s] DEBUG:colcon.colcon_core.event_handler.log_command:Invoked command in '/home/hansana_eranga/ros2_ws/src/Mobile-Robot-building-with-an-ROS/build/my_bot' returned '0': CMAKE_PREFIX_PATH=/opt/ros/foxy /usr/bin/cmake --build /home/hansana_eranga/ros2_ws/src/Mobile-Robot-building-with-an-ROS/build/my_bot -- -j12 -l12
[1.453s] DEBUG:colcon.colcon_core.event_handler.log_command:Invoking command in '/home/hansana_eranga/ros2_ws/src/Mobile-Robot-building-with-an-ROS/build/my_bot': CMAKE_PREFIX_PATH=/opt/ros/foxy /usr/bin/cmake --install /home/hansana_eranga/ros2_ws/src/Mobile-Robot-building-with-an-ROS/build/my_bot
[1.505s] Level 1:colcon.colcon_core.environment:create_environment_scripts_only(my_bot)
[1.506s] DEBUG:colcon.colcon_core.event_handler.log_command:Invoked command in '/home/hansana_eranga/ros2_ws/src/Mobile-Robot-building-with-an-ROS/build/my_bot' returned '0': CMAKE_PREFIX_PATH=/opt/ros/foxy /usr/bin/cmake --install /home/hansana_eranga/ros2_ws/src/Mobile-Robot-building-with-an-ROS/build/my_bot
[1.518s] Level 1:colcon.colcon_core.environment:checking '/home/hansana_eranga/ros2_ws/src/Mobile-Robot-building-with-an-ROS/install/my_bot' for CMake module files
[1.519s] Level 1:colcon.colcon_core.environment:checking '/home/hansana_eranga/ros2_ws/src/Mobile-Robot-building-with-an-ROS/install/my_bot' for CMake config files
[1.520s] Level 1:colcon.colcon_core.shell:create_environment_hook('my_bot', 'cmake_prefix_path')
[1.520s] INFO:colcon.colcon_core.shell:Creating environment hook '/home/hansana_eranga/ros2_ws/src/Mobile-Robot-building-with-an-ROS/install/my_bot/share/my_bot/hook/cmake_prefix_path.ps1'
[1.523s] INFO:colcon.colcon_core.shell:Creating environment descriptor '/home/hansana_eranga/ros2_ws/src/Mobile-Robot-building-with-an-ROS/install/my_bot/share/my_bot/hook/cmake_prefix_path.dsv'
[1.525s] INFO:colcon.colcon_core.shell:Creating environment hook '/home/hansana_eranga/ros2_ws/src/Mobile-Robot-building-with-an-ROS/install/my_bot/share/my_bot/hook/cmake_prefix_path.sh'
[1.526s] Level 1:colcon.colcon_core.environment:checking '/home/hansana_eranga/ros2_ws/src/Mobile-Robot-building-with-an-ROS/install/my_bot/bin'
[1.527s] Level 1:colcon.colcon_core.environment:checking '/home/hansana_eranga/ros2_ws/src/Mobile-Robot-building-with-an-ROS/install/my_bot/lib/pkgconfig/my_bot.pc'
[1.529s] Level 1:colcon.colcon_core.environment:checking '/home/hansana_eranga/ros2_ws/src/Mobile-Robot-building-with-an-ROS/install/my_bot/lib/python3.8/site-packages'
[1.529s] Level 1:colcon.colcon_core.environment:checking '/home/hansana_eranga/ros2_ws/src/Mobile-Robot-building-with-an-ROS/install/my_bot/bin'
[1.529s] INFO:colcon.colcon_core.shell:Creating package script '/home/hansana_eranga/ros2_ws/src/Mobile-Robot-building-with-an-ROS/install/my_bot/share/my_bot/package.ps1'
[1.531s] INFO:colcon.colcon_core.shell:Creating package descriptor '/home/hansana_eranga/ros2_ws/src/Mobile-Robot-building-with-an-ROS/install/my_bot/share/my_bot/package.dsv'
[1.533s] INFO:colcon.colcon_core.shell:Creating package script '/home/hansana_eranga/ros2_ws/src/Mobile-Robot-building-with-an-ROS/install/my_bot/share/my_bot/package.sh'
[1.535s] INFO:colcon.colcon_core.shell:Creating package script '/home/hansana_eranga/ros2_ws/src/Mobile-Robot-building-with-an-ROS/install/my_bot/share/my_bot/package.bash'
[1.536s] INFO:colcon.colcon_core.shell:Creating package script '/home/hansana_eranga/ros2_ws/src/Mobile-Robot-building-with-an-ROS/install/my_bot/share/my_bot/package.zsh'
[1.538s] Level 1:colcon.colcon_core.environment:create_file_with_runtime_dependencies(/home/hansana_eranga/ros2_ws/src/Mobile-Robot-building-with-an-ROS/install/my_bot/share/colcon-core/packages/my_bot)
[1.538s] Level 1:colcon.colcon_core.environment:create_environment_scripts_only(my_bot)
[1.539s] Level 1:colcon.colcon_core.environment:checking '/home/hansana_eranga/ros2_ws/src/Mobile-Robot-building-with-an-ROS/install/my_bot' for CMake module files
[1.539s] Level 1:colcon.colcon_core.environment:checking '/home/hansana_eranga/ros2_ws/src/Mobile-Robot-building-with-an-ROS/install/my_bot' for CMake config files
[1.539s] Level 1:colcon.colcon_core.shell:create_environment_hook('my_bot', 'cmake_prefix_path')
[1.539s] INFO:colcon.colcon_core.shell:Creating environment hook '/home/hansana_eranga/ros2_ws/src/Mobile-Robot-building-with-an-ROS/install/my_bot/share/my_bot/hook/cmake_prefix_path.ps1'
[1.540s] INFO:colcon.colcon_core.shell:Creating environment descriptor '/home/hansana_eranga/ros2_ws/src/Mobile-Robot-building-with-an-ROS/install/my_bot/share/my_bot/hook/cmake_prefix_path.dsv'
[1.540s] INFO:colcon.colcon_core.shell:Creating environment hook '/home/hansana_eranga/ros2_ws/src/Mobile-Robot-building-with-an-ROS/install/my_bot/share/my_bot/hook/cmake_prefix_path.sh'
[1.541s] Level 1:colcon.colcon_core.environment:checking '/home/hansana_eranga/ros2_ws/src/Mobile-Robot-building-with-an-ROS/install/my_bot/bin'
[1.541s] Level 1:colcon.colcon_core.environment:checking '/home/hansana_eranga/ros2_ws/src/Mobile-Robot-building-with-an-ROS/install/my_bot/lib/pkgconfig/my_bot.pc'
[1.541s] Level 1:colcon.colcon_core.environment:checking '/home/hansana_eranga/ros2_ws/src/Mobile-Robot-building-with-an-ROS/install/my_bot/lib/python3.8/site-packages'
[1.541s] Level 1:colcon.colcon_core.environment:checking '/home/hansana_eranga/ros2_ws/src/Mobile-Robot-building-with-an-ROS/install/my_bot/bin'
[1.541s] INFO:colcon.colcon_core.shell:Creating package script '/home/hansana_eranga/ros2_ws/src/Mobile-Robot-building-with-an-ROS/install/my_bot/share/my_bot/package.ps1'
[1.542s] INFO:colcon.colcon_core.shell:Creating package descriptor '/home/hansana_eranga/ros2_ws/src/Mobile-Robot-building-with-an-ROS/install/my_bot/share/my_bot/package.dsv'
[1.542s] INFO:colcon.colcon_core.shell:Creating package script '/home/hansana_eranga/ros2_ws/src/Mobile-Robot-building-with-an-ROS/install/my_bot/share/my_bot/package.sh'
[1.542s] INFO:colcon.colcon_core.shell:Creating package script '/home/hansana_eranga/ros2_ws/src/Mobile-Robot-building-with-an-ROS/install/my_bot/share/my_bot/package.bash'
[1.543s] INFO:colcon.colcon_core.shell:Creating package script '/home/hansana_eranga/ros2_ws/src/Mobile-Robot-building-with-an-ROS/install/my_bot/share/my_bot/package.zsh'
[1.544s] Level 1:colcon.colcon_core.environment:create_file_with_runtime_dependencies(/home/hansana_eranga/ros2_ws/src/Mobile-Robot-building-with-an-ROS/install/my_bot/share/colcon-core/packages/my_bot)
[1.544s] DEBUG:colcon.colcon_parallel_executor.executor.parallel:closing loop
[1.544s] DEBUG:colcon.colcon_parallel_executor.executor.parallel:loop closed
[1.545s] DEBUG:colcon.colcon_parallel_executor.executor.parallel:run_until_complete finished with '0'
[1.545s] DEBUG:colcon.colcon_core.event_reactor:joining thread
[1.609s] INFO:colcon.colcon_core.plugin_system:Skipping extension 'colcon_notification.desktop_notification.notify_send': Could not find 'notify-send'
[1.610s] INFO:colcon.colcon_core.plugin_system:Skipping extension 'colcon_notification.desktop_notification.terminal_notifier': Not used on non-Darwin systems
[1.610s] INFO:colcon.colcon_core.plugin_system:Skipping extension 'colcon_notification.desktop_notification.win32': Not used on non-Windows systems
[1.610s] INFO:colcon.colcon_notification.desktop_notification:Sending desktop notification using 'notify2'
[1.778s] DEBUG:colcon.colcon_notification.desktop_notification.notify2:Failed to initialize notify2: org.freedesktop.DBus.Error.ServiceUnknown: The name org.freedesktop.Notifications was not provided by any .service files
[1.778s] DEBUG:colcon.colcon_core.event_reactor:joined thread
[1.779s] INFO:colcon.colcon_core.shell:Creating prefix script '/home/hansana_eranga/ros2_ws/src/Mobile-Robot-building-with-an-ROS/install/local_setup.ps1'
[1.780s] INFO:colcon.colcon_core.shell:Creating prefix util module '/home/hansana_eranga/ros2_ws/src/Mobile-Robot-building-with-an-ROS/install/_local_setup_util_ps1.py'
[1.783s] INFO:colcon.colcon_core.shell:Creating prefix chain script '/home/hansana_eranga/ros2_ws/src/Mobile-Robot-building-with-an-ROS/install/setup.ps1'
[1.784s] INFO:colcon.colcon_core.shell:Creating prefix script '/home/hansana_eranga/ros2_ws/src/Mobile-Robot-building-with-an-ROS/install/local_setup.sh'
[1.785s] INFO:colcon.colcon_core.shell:Creating prefix util module '/home/hansana_eranga/ros2_ws/src/Mobile-Robot-building-with-an-ROS/install/_local_setup_util_sh.py'
[1.786s] INFO:colcon.colcon_core.shell:Creating prefix chain script '/home/hansana_eranga/ros2_ws/src/Mobile-Robot-building-with-an-ROS/install/setup.sh'
[1.787s] INFO:colcon.colcon_core.shell:Creating prefix script '/home/hansana_eranga/ros2_ws/src/Mobile-Robot-building-with-an-ROS/install/local_setup.bash'
[1.788s] INFO:colcon.colcon_core.shell:Creating prefix chain script '/home/hansana_eranga/ros2_ws/src/Mobile-Robot-building-with-an-ROS/install/setup.bash'
[1.789s] INFO:colcon.colcon_core.shell:Creating prefix script '/home/hansana_eranga/ros2_ws/src/Mobile-Robot-building-with-an-ROS/install/local_setup.zsh'
[1.790s] INFO:colcon.colcon_core.shell:Creating prefix chain script '/home/hansana_eranga/ros2_ws/src/Mobile-Robot-building-with-an-ROS/install/setup.zsh'
