[0.045s] Invoking command in '/home/hansana_eranga/ros2_ws/src/Mobile-Robot-building-with-an-ROS/build/my_bot': CMAKE_PREFIX_PATH=/opt/ros/foxy /usr/bin/cmake --build /home/hansana_eranga/ros2_ws/src/Mobile-Robot-building-with-an-ROS/build/my_bot -- -j12 -l12
[0.339s] Invoked command in '/home/hansana_eranga/ros2_ws/src/Mobile-Robot-building-with-an-ROS/build/my_bot' returned '0': CMAKE_PREFIX_PATH=/opt/ros/foxy /usr/bin/cmake --build /home/hansana_eranga/ros2_ws/src/Mobile-Robot-building-with-an-ROS/build/my_bot -- -j12 -l12
[0.355s] Invoking command in '/home/hansana_eranga/ros2_ws/src/Mobile-Robot-building-with-an-ROS/build/my_bot': CMAKE_PREFIX_PATH=/opt/ros/foxy /usr/bin/cmake --install /home/hansana_eranga/ros2_ws/src/Mobile-Robot-building-with-an-ROS/build/my_bot
[0.363s] -- Install configuration: ""
[0.365s] -- Execute custom install script
[0.367s] -- Up-to-date symlink: /home/hansana_eranga/ros2_ws/src/Mobile-Robot-building-with-an-ROS/install/my_bot/share/my_bot/config/empty.yaml
[0.367s] -- Up-to-date symlink: /home/hansana_eranga/ros2_ws/src/Mobile-Robot-building-with-an-ROS/install/my_bot/share/my_bot/config/view_bot_rviz.rviz
[0.368s] -- Symlinking: /home/hansana_eranga/ros2_ws/src/Mobile-Robot-building-with-an-ROS/install/my_bot/share/my_bot/description/gazebo_control.xacro
[0.379s] -- Up-to-date symlink: /home/hansana_eranga/ros2_ws/src/Mobile-Robot-building-with-an-ROS/install/my_bot/share/my_bot/description/inertial_macros.xacro
[0.379s] -- Up-to-date symlink: /home/hansana_eranga/ros2_ws/src/Mobile-Robot-building-with-an-ROS/install/my_bot/share/my_bot/description/robot.urdf.xacro
[0.380s] -- Up-to-date symlink: /home/hansana_eranga/ros2_ws/src/Mobile-Robot-building-with-an-ROS/install/my_bot/share/my_bot/description/robot_core.xacro
[0.381s] -- Up-to-date symlink: /home/hansana_eranga/ros2_ws/src/Mobile-Robot-building-with-an-ROS/install/my_bot/share/my_bot/launch/launch_sim.launch.py
[0.381s] -- Up-to-date symlink: /home/hansana_eranga/ros2_ws/src/Mobile-Robot-building-with-an-ROS/install/my_bot/share/my_bot/launch/rsp.launch.py
[0.381s] -- Up-to-date symlink: /home/hansana_eranga/ros2_ws/src/Mobile-Robot-building-with-an-ROS/install/my_bot/share/my_bot/worlds/empty.world
[0.382s] -- Up-to-date symlink: /home/hansana_eranga/ros2_ws/src/Mobile-Robot-building-with-an-ROS/install/my_bot/share/ament_index/resource_index/package_run_dependencies/my_bot
[0.382s] -- Up-to-date symlink: /home/hansana_eranga/ros2_ws/src/Mobile-Robot-building-with-an-ROS/install/my_bot/share/ament_index/resource_index/parent_prefix_path/my_bot
[0.383s] -- Up-to-date symlink: /home/hansana_eranga/ros2_ws/src/Mobile-Robot-building-with-an-ROS/install/my_bot/share/my_bot/environment/ament_prefix_path.sh
[0.384s] -- Up-to-date symlink: /home/hansana_eranga/ros2_ws/src/Mobile-Robot-building-with-an-ROS/install/my_bot/share/my_bot/environment/ament_prefix_path.dsv
[0.384s] -- Up-to-date symlink: /home/hansana_eranga/ros2_ws/src/Mobile-Robot-building-with-an-ROS/install/my_bot/share/my_bot/environment/path.sh
[0.384s] -- Up-to-date symlink: /home/hansana_eranga/ros2_ws/src/Mobile-Robot-building-with-an-ROS/install/my_bot/share/my_bot/environment/path.dsv
[0.384s] -- Up-to-date symlink: /home/hansana_eranga/ros2_ws/src/Mobile-Robot-building-with-an-ROS/install/my_bot/share/my_bot/local_setup.bash
[0.385s] -- Up-to-date symlink: /home/hansana_eranga/ros2_ws/src/Mobile-Robot-building-with-an-ROS/install/my_bot/share/my_bot/local_setup.sh
[0.386s] -- Up-to-date symlink: /home/hansana_eranga/ros2_ws/src/Mobile-Robot-building-with-an-ROS/install/my_bot/share/my_bot/local_setup.zsh
[0.386s] -- Up-to-date symlink: /home/hansana_eranga/ros2_ws/src/Mobile-Robot-building-with-an-ROS/install/my_bot/share/my_bot/local_setup.dsv
[0.386s] -- Symlinking: /home/hansana_eranga/ros2_ws/src/Mobile-Robot-building-with-an-ROS/install/my_bot/share/my_bot/package.dsv
[0.402s] -- Up-to-date symlink: /home/hansana_eranga/ros2_ws/src/Mobile-Robot-building-with-an-ROS/install/my_bot/share/ament_index/resource_index/packages/my_bot
[0.402s] -- Up-to-date symlink: /home/hansana_eranga/ros2_ws/src/Mobile-Robot-building-with-an-ROS/install/my_bot/share/my_bot/cmake/my_botConfig.cmake
[0.403s] -- Up-to-date symlink: /home/hansana_eranga/ros2_ws/src/Mobile-Robot-building-with-an-ROS/install/my_bot/share/my_bot/cmake/my_botConfig-version.cmake
[0.403s] -- Up-to-date symlink: /home/hansana_eranga/ros2_ws/src/Mobile-Robot-building-with-an-ROS/install/my_bot/share/my_bot/package.xml
[0.408s] Invoked command in '/home/hansana_eranga/ros2_ws/src/Mobile-Robot-building-with-an-ROS/build/my_bot' returned '0': CMAKE_PREFIX_PATH=/opt/ros/foxy /usr/bin/cmake --install /home/hansana_eranga/ros2_ws/src/Mobile-Robot-building-with-an-ROS/build/my_bot
